I:\cplusplus\cplusplusproject\cplusplusproject\Debug\cl.command.1.tlog
I:\cplusplus\cplusplusproject\cplusplusproject\Debug\CL.read.1.tlog
I:\cplusplus\cplusplusproject\cplusplusproject\Debug\CL.write.1.tlog
I:\CPLUSPLUS\CPLUSPLUSPROJECT\CPLUSPLUSPROJECT\DEBUG\CPLUSPLUSPROJECT.EXE.EMBED.MANIFEST
I:\CPLUSPLUS\CPLUSPLUSPROJECT\CPLUSPLUSPROJECT\DEBUG\CPLUSPLUSPROJECT.EXE.EMBED.MANIFEST.RES
I:\CPLUSPLUS\CPLUSPLUSPROJECT\CPLUSPLUSPROJECT\DEBUG\CPLUSPLUSPROJECT.EXE.INTERMEDIATE.MANIFEST
I:\CPLUSPLUS\CPLUSPLUSPROJECT\CPLUSPLUSPROJECT\DEBUG\CPLUSPLUSPROJECT.OBJ
I:\CPLUSPLUS\CPLUSPLUSPROJECT\CPLUSPLUSPROJECT\DEBUG\CPLUSPLUSPROJECT.PCH
I:\cplusplus\cplusplusproject\cplusplusproject\Debug\cplusplusproject.vcxprojResolveAssemblyReference.cache
I:\cplusplus\cplusplusproject\cplusplusproject\Debug\cplusplusproject.write.1.tlog
I:\cplusplus\cplusplusproject\cplusplusproject\Debug\cplusplusproject_manifest.rc
I:\cplusplus\cplusplusproject\cplusplusproject\Debug\link.11600.read.1.tlog
I:\cplusplus\cplusplusproject\cplusplusproject\Debug\link.11600.write.1.tlog
I:\cplusplus\cplusplusproject\cplusplusproject\Debug\link.11600-cvtres.read.1.tlog
I:\cplusplus\cplusplusproject\cplusplusproject\Debug\link.11600-cvtres.write.1.tlog
I:\cplusplus\cplusplusproject\cplusplusproject\Debug\link.4400.read.1.tlog
I:\cplusplus\cplusplusproject\cplusplusproject\Debug\link.4400.write.1.tlog
I:\cplusplus\cplusplusproject\cplusplusproject\Debug\link.4400-cvtres.read.1.tlog
I:\cplusplus\cplusplusproject\cplusplusproject\Debug\link.4400-cvtres.write.1.tlog
I:\cplusplus\cplusplusproject\cplusplusproject\Debug\link.5128.read.1.tlog
I:\cplusplus\cplusplusproject\cplusplusproject\Debug\link.5128.write.1.tlog
I:\cplusplus\cplusplusproject\cplusplusproject\Debug\link.5128-cvtres.read.1.tlog
I:\cplusplus\cplusplusproject\cplusplusproject\Debug\link.5128-cvtres.write.1.tlog
I:\cplusplus\cplusplusproject\cplusplusproject\Debug\link.5992.read.1.tlog
I:\cplusplus\cplusplusproject\cplusplusproject\Debug\link.5992.write.1.tlog
I:\cplusplus\cplusplusproject\cplusplusproject\Debug\link.5992-cvtres.read.1.tlog
I:\cplusplus\cplusplusproject\cplusplusproject\Debug\link.5992-cvtres.write.1.tlog
I:\cplusplus\cplusplusproject\cplusplusproject\Debug\link.6544.read.1.tlog
I:\cplusplus\cplusplusproject\cplusplusproject\Debug\link.6544.write.1.tlog
I:\cplusplus\cplusplusproject\cplusplusproject\Debug\link.6544-cvtres.read.1.tlog
I:\cplusplus\cplusplusproject\cplusplusproject\Debug\link.6544-cvtres.write.1.tlog
I:\cplusplus\cplusplusproject\cplusplusproject\Debug\link.7112.read.1.tlog
I:\cplusplus\cplusplusproject\cplusplusproject\Debug\link.7112.write.1.tlog
I:\cplusplus\cplusplusproject\cplusplusproject\Debug\link.7112-cvtres.read.1.tlog
I:\cplusplus\cplusplusproject\cplusplusproject\Debug\link.7112-cvtres.write.1.tlog
I:\cplusplus\cplusplusproject\cplusplusproject\Debug\link.9356.read.1.tlog
I:\cplusplus\cplusplusproject\cplusplusproject\Debug\link.9356.write.1.tlog
I:\cplusplus\cplusplusproject\cplusplusproject\Debug\link.9356-cvtres.read.1.tlog
I:\cplusplus\cplusplusproject\cplusplusproject\Debug\link.9356-cvtres.write.1.tlog
I:\cplusplus\cplusplusproject\cplusplusproject\Debug\link.command.1.tlog
I:\cplusplus\cplusplusproject\cplusplusproject\Debug\link.read.1.tlog
I:\cplusplus\cplusplusproject\cplusplusproject\Debug\link.write.1.tlog
I:\cplusplus\cplusplusproject\cplusplusproject\Debug\link-cvtres.read.1.tlog
I:\cplusplus\cplusplusproject\cplusplusproject\Debug\link-cvtres.write.1.tlog
I:\cplusplus\cplusplusproject\cplusplusproject\Debug\mt.command.1.tlog
I:\cplusplus\cplusplusproject\cplusplusproject\Debug\mt.read.1.tlog
I:\cplusplus\cplusplusproject\cplusplusproject\Debug\mt.write.1.tlog
I:\cplusplus\cplusplusproject\cplusplusproject\Debug\rc.command.1.tlog
I:\cplusplus\cplusplusproject\cplusplusproject\Debug\rc.read.1.tlog
I:\cplusplus\cplusplusproject\cplusplusproject\Debug\rc.write.1.tlog
I:\CPLUSPLUS\CPLUSPLUSPROJECT\CPLUSPLUSPROJECT\DEBUG\STDAFX.OBJ
I:\cplusplus\cplusplusproject\cplusplusproject\Debug\vc100.idb
I:\CPLUSPLUS\CPLUSPLUSPROJECT\CPLUSPLUSPROJECT\DEBUG\VC100.PDB
I:\CPLUSPLUS\CPLUSPLUSPROJECT\CPLUSPLUSPROJECT\DEBUG\WEEK1.OBJ
I:\CPLUSPLUS\CPLUSPLUSPROJECT\DEBUG\CPLUSPLUSPROJECT.EXE
I:\CPLUSPLUS\CPLUSPLUSPROJECT\DEBUG\CPLUSPLUSPROJECT.ILK
I:\CPLUSPLUS\CPLUSPLUSPROJECT\DEBUG\CPLUSPLUSPROJECT.PDB
